<?xml version="1.0" encoding="UTF-8"?>
<!-- Generated by org.testng.reporters.JUnitXMLReporter -->
<testsuite hostname="LAPTOP-2IFEJBVE" ignored="0" name="Default test" tests="3" failures="0" timestamp="22 Apr 2021 11:18:09 GMT" time="2.59" errors="0">
  <testcase name="validateResponseCodeTest" time="2.169" classname="com.qa.test.WeatherAPITest"/>
  <testcase name="validateLatitudeLongitudeTest" time="0.232" classname="com.qa.test.WeatherAPITest"/>
  <testcase name="validateWeatherDetailsTest" time="0.131" classname="com.qa.test.WeatherAPITest"/>
</testsuite> <!-- Default test -->
