<?xml version="1.0" encoding="UTF-8"?>
<!-- Generated by org.testng.reporters.JUnitXMLReporter -->
<testsuite hostname="LAPTOP-2IFEJBVE" ignored="0" name="Verify predicted temperatures of 7 days and find number of sunny days" tests="1" failures="0" timestamp="21 Apr 2021 06:22:55 GMT" time="2.685" errors="0">
  <testcase name="validateWeatherDetailsTest" time="2.666" classname="com.qa.test.WeatherAPITest"/>
</testsuite> <!-- Verify predicted temperatures of 7 days and find number of sunny days -->
